mi-banco/build/intermediates/manifest_merge_blame_file/qa/manifest-merger-blame-qa-report.txt
1<?xml version="1.0" encoding="utf-8"?>
2<manifest xmlns:android="http://schemas.android.com/apk/res/android"
3    package="com.popular.android.mibanco.cert"
4    android:versionCode="147"
5    android:versionName="4.13.8.0-SNAPSHOT" >
6
7    <uses-sdk
7-->src/main/AndroidManifest.xml:32:5-58
8        android:minSdkVersion="26"
8-->src/main/AndroidManifest.xml:32:5-58
9        android:targetSdkVersion="31" />
9-->src/main/AndroidManifest.xml:32:5-58
10
11    <uses-feature
11-->src/main/AndroidManifest.xml:6:5-8:36
12        android:name="android.hardware.telephony"
12-->src/main/AndroidManifest.xml:7:9-50
13        android:required="false" />
13-->src/main/AndroidManifest.xml:8:9-33
14    <uses-feature android:name="android.hardware.camera" />
14-->src/main/AndroidManifest.xml:9:5-60
14-->src/main/AndroidManifest.xml:9:19-57
15    <uses-feature
15-->src/main/AndroidManifest.xml:10:5-11:35
16        android:name="android.hardware.camera.autofocus"
16-->src/main/AndroidManifest.xml:10:19-67
17        android:required="false" />
17-->src/main/AndroidManifest.xml:11:9-33
18
19    <uses-permission android:name="android.permission.WRITE_EXTERNAL_STORAGE" />
19-->src/main/AndroidManifest.xml:13:5-81
19-->src/main/AndroidManifest.xml:13:22-78
20    <uses-permission
20-->src/main/AndroidManifest.xml:14:5-15:38
21        android:name="android.permission.READ_PHONE_STATE"
21-->src/main/AndroidManifest.xml:14:22-72
22        android:maxSdkVersion="29" />
22-->src/main/AndroidManifest.xml:15:9-35
23    <uses-permission android:name="android.permission.READ_PHONE_NUMBERS" />
23-->src/main/AndroidManifest.xml:16:5-77
23-->src/main/AndroidManifest.xml:16:22-74
24    <uses-permission android:name="android.permission.CALL_PHONE" />
24-->src/main/AndroidManifest.xml:17:5-69
24-->src/main/AndroidManifest.xml:17:22-66
25    <uses-permission android:name="android.permission.INTERNET" />
25-->src/main/AndroidManifest.xml:18:5-67
25-->src/main/AndroidManifest.xml:18:22-64
26    <uses-permission android:name="android.permission.ACCESS_FINE_LOCATION" />
26-->src/main/AndroidManifest.xml:19:5-79
26-->src/main/AndroidManifest.xml:19:22-76
27    <uses-permission android:name="android.permission.ACCESS_NETWORK_STATE" />
27-->src/main/AndroidManifest.xml:20:5-79
27-->src/main/AndroidManifest.xml:20:22-76
28    <uses-permission android:name="android.permission.CAMERA" />
28-->src/main/AndroidManifest.xml:21:5-65
28-->src/main/AndroidManifest.xml:21:22-62
29    <uses-permission android:name="android.permission.RECEIVE_BOOT_COMPLETED" />
29-->src/main/AndroidManifest.xml:22:5-81
29-->src/main/AndroidManifest.xml:22:22-78
30    <uses-permission android:name="android.permission.VIBRATE" />
30-->src/main/AndroidManifest.xml:23:5-66
30-->src/main/AndroidManifest.xml:23:22-63
31    <uses-permission android:name="android.permission.WAKE_LOCK" />
31-->src/main/AndroidManifest.xml:24:5-68
31-->src/main/AndroidManifest.xml:24:22-65
32    <uses-permission android:name="android.permission.READ_CONTACTS" />
32-->src/main/AndroidManifest.xml:25:5-72
32-->src/main/AndroidManifest.xml:25:22-69
33    <uses-permission android:name="com.google.android.c2dm.permission.RECEIVE" />
33-->src/main/AndroidManifest.xml:26:5-82
33-->src/main/AndroidManifest.xml:26:22-79
34    <uses-permission android:name="android.permission.USE_FINGERPRINT" />
34-->src/main/AndroidManifest.xml:27:5-74
34-->src/main/AndroidManifest.xml:27:22-71
35    <uses-permission android:name="android.permission.BLUETOOTH" />
35-->src/main/AndroidManifest.xml:28:5-68
35-->src/main/AndroidManifest.xml:28:22-65
36    <uses-permission android:name="com.popular.android.mibanco.permission.C2D_MESSAGE" />
36-->src/main/AndroidManifest.xml:30:5-90
36-->src/main/AndroidManifest.xml:30:22-87
37
38    <supports-screens
38-->src/main/AndroidManifest.xml:33:5-37:40
39        android:largeScreens="true"
39-->src/main/AndroidManifest.xml:34:9-36
40        android:normalScreens="true"
40-->src/main/AndroidManifest.xml:35:9-37
41        android:smallScreens="true"
41-->src/main/AndroidManifest.xml:36:9-36
42        android:xlargeScreens="true" />
42-->src/main/AndroidManifest.xml:37:9-37
43
44    <queries>
44-->src/main/AndroidManifest.xml:39:5-51:15
45        <intent>
45-->src/main/AndroidManifest.xml:40:9-42:18
46            <action android:name="android.media.action.IMAGE_CAPTURE" />
46-->src/main/AndroidManifest.xml:41:13-73
46-->src/main/AndroidManifest.xml:41:21-70
47        </intent>
48        <intent>
48-->src/main/AndroidManifest.xml:40:9-42:18
49            <action android:name="android.intent.action.GET_CONTENT" />
49-->src/main/AndroidManifest.xml:44:13-72
49-->src/main/AndroidManifest.xml:44:21-69
50
51            <data android:mimeType="image/*" />
51-->src/main/AndroidManifest.xml:46:19-45
52        </intent>
53
54        <package android:name="com.evertec.athmovil.android" />
54-->src/main/AndroidManifest.xml:49:9-64
54-->src/main/AndroidManifest.xml:49:18-61
55        <package android:name="com.evertec.athmovil.android.qa" />
55-->src/main/AndroidManifest.xml:50:9-67
55-->src/main/AndroidManifest.xml:50:18-64
56    </queries>
57
58    <uses-feature
58-->[com.google.android.gms:play-services-maps:16.0.0] AndroidManifest.xml:26:5-28:35
59        android:glEsVersion="0x00020000"
59-->[com.google.android.gms:play-services-maps:16.0.0] AndroidManifest.xml:27:9-41
60        android:required="true" />
60-->[com.google.android.gms:play-services-maps:16.0.0] AndroidManifest.xml:28:9-32
61
62    <uses-permission android:name="com.google.android.finsky.permission.BIND_GET_INSTALL_REFERRER_SERVICE" />
62-->[com.google.firebase:firebase-analytics:16.0.4] AndroidManifest.xml:26:5-110
62-->[com.google.firebase:firebase-analytics:16.0.4] AndroidManifest.xml:26:22-107
63
64    <uses-feature
64-->[com.journeyapps:zxing-android-embedded:3.0.2] AndroidManifest.xml:29:5-31:36
65        android:name="android.hardware.camera.front"
65-->[com.journeyapps:zxing-android-embedded:3.0.2] AndroidManifest.xml:30:9-53
66        android:required="false" />
66-->[com.journeyapps:zxing-android-embedded:3.0.2] AndroidManifest.xml:31:9-33
67    <uses-feature
67-->[com.journeyapps:zxing-android-embedded:3.0.2] AndroidManifest.xml:37:5-39:36
68        android:name="android.hardware.camera.flash"
68-->[com.journeyapps:zxing-android-embedded:3.0.2] AndroidManifest.xml:38:9-53
69        android:required="false" />
69-->[com.journeyapps:zxing-android-embedded:3.0.2] AndroidManifest.xml:39:9-33
70    <uses-feature
70-->[com.journeyapps:zxing-android-embedded:3.0.2] AndroidManifest.xml:40:5-42:36
71        android:name="android.hardware.screen.landscape"
71-->[com.journeyapps:zxing-android-embedded:3.0.2] AndroidManifest.xml:41:9-57
72        android:required="false" />
72-->[com.journeyapps:zxing-android-embedded:3.0.2] AndroidManifest.xml:42:9-33
73    <uses-feature
73-->[com.journeyapps:zxing-android-embedded:3.0.2] AndroidManifest.xml:43:5-45:36
74        android:name="android.hardware.wifi"
74-->[com.journeyapps:zxing-android-embedded:3.0.2] AndroidManifest.xml:44:9-45
75        android:required="false" />
75-->[com.journeyapps:zxing-android-embedded:3.0.2] AndroidManifest.xml:45:9-33
76
77    <uses-permission android:name="android.permission.ACCESS_WIFI_STATE" />
77-->[:collection-sdk-4.3:] AndroidManifest.xml:15:5-76
77-->[:collection-sdk-4.3:] AndroidManifest.xml:15:22-73
78    <uses-permission android:name="android.permission.ACCESS_LOCATION_EXTRA_COMMANDS" />
78-->[:collection-sdk-4.3:] AndroidManifest.xml:16:5-89
78-->[:collection-sdk-4.3:] AndroidManifest.xml:16:22-86
79    <uses-permission android:name="android.permission.ACCESS_COARSE_LOCATION" />
79-->[:collection-sdk-4.3:] AndroidManifest.xml:21:5-81
79-->[:collection-sdk-4.3:] AndroidManifest.xml:21:22-78
80
81    <application
81-->src/main/AndroidManifest.xml:53:5-573:19
82        android:name="com.popular.android.mibanco.App"
82-->src/main/AndroidManifest.xml:54:9-28
83        android:allowBackup="false"
83-->src/main/AndroidManifest.xml:55:9-36
84        android:appComponentFactory="androidx.core.app.CoreComponentFactory"
84-->[androidx.core:core:1.2.0] AndroidManifest.xml:24:18-86
85        android:configChanges="orientation|screenSize|fontScale"
85-->src/main/AndroidManifest.xml:56:9-65
86        android:extractNativeLibs="false"
87        android:hardwareAccelerated="true"
87-->src/main/AndroidManifest.xml:57:9-43
88        android:icon="@mipmap/ic_launcher"
88-->src/main/AndroidManifest.xml:58:9-43
89        android:label="@string/app_name"
89-->src/main/AndroidManifest.xml:59:9-41
90        android:logo="@drawable/logo_med_white_x2"
90-->src/main/AndroidManifest.xml:60:9-51
91        android:requestLegacyExternalStorage="true"
91-->src/main/AndroidManifest.xml:61:9-52
92        android:testOnly="true"
93        android:theme="@style/BankTheme"
93-->src/main/AndroidManifest.xml:62:9-41
94        android:usesCleartextTraffic="true" >
94-->src/main/AndroidManifest.xml:63:9-44
95        <activity android:name="com.popular.android.mibanco.activity.AutomaticRedemptionActivity" />
95-->src/main/AndroidManifest.xml:64:9-74
95-->src/main/AndroidManifest.xml:64:19-71
96        <activity android:name="com.popular.android.mibanco.activity.CashRewardsAccountDepositConfiguration" />
96-->src/main/AndroidManifest.xml:65:9-85
96-->src/main/AndroidManifest.xml:65:19-82
97        <activity android:name="com.popular.android.mibanco.activity.CashRewardsRedemptionResult" />
97-->src/main/AndroidManifest.xml:66:9-74
97-->src/main/AndroidManifest.xml:66:19-71
98        <activity
98-->src/main/AndroidManifest.xml:67:9-69:52
99            android:name="com.popular.android.mibanco.activity.PushWelcomeSplash"
99-->src/main/AndroidManifest.xml:68:13-55
100            android:screenOrientation="portrait" />
100-->src/main/AndroidManifest.xml:69:13-49
101        <activity
101-->src/main/AndroidManifest.xml:71:9-73:52
102            android:name="com.popular.android.mibanco.activity.MaintenanceWithBalances"
102-->src/main/AndroidManifest.xml:72:13-61
103            android:screenOrientation="portrait" />
103-->src/main/AndroidManifest.xml:73:13-49
104
105        <provider
106            android:name="androidx.core.content.FileProvider"
106-->src/main/AndroidManifest.xml:77:13-62
107            android:authorities="com.popular.android.mibanco.cert.fileprovider"
107-->src/main/AndroidManifest.xml:78:13-64
108            android:exported="false"
108-->src/main/AndroidManifest.xml:79:13-37
109            android:grantUriPermissions="true" >
109-->src/main/AndroidManifest.xml:80:13-47
110            <meta-data
110-->src/main/AndroidManifest.xml:81:13-83:54
111                android:name="android.support.FILE_PROVIDER_PATHS"
111-->src/main/AndroidManifest.xml:82:17-67
112                android:resource="@xml/file_paths" />
112-->src/main/AndroidManifest.xml:83:17-51
113        </provider>
114
115        <meta-data
115-->src/main/AndroidManifest.xml:86:9-88:58
116            android:name="com.google.firebase.messaging.default_notification_icon"
116-->src/main/AndroidManifest.xml:87:13-83
117            android:resource="@drawable/ic_transparent" />
117-->src/main/AndroidManifest.xml:88:13-56
118        <meta-data
118-->src/main/AndroidManifest.xml:90:9-92:65
119            android:name="com.google.firebase.messaging.default_notification_color"
119-->src/main/AndroidManifest.xml:91:13-84
120            android:resource="@color/icon_notification_color" />
120-->src/main/AndroidManifest.xml:92:13-62
121        <meta-data
121-->src/main/AndroidManifest.xml:94:9-96:70
122            android:name="com.google.firebase.messaging.default_notification_channel_id"
122-->src/main/AndroidManifest.xml:95:13-89
123            android:value="@string/default_notification_channel_id" />
123-->src/main/AndroidManifest.xml:96:13-68
124
125        <receiver
125-->src/main/AndroidManifest.xml:98:9-109:20
126            android:name="com.popular.android.mibanco.widget.BalanceWidgetProvider"
126-->src/main/AndroidManifest.xml:99:13-57
127            android:exported="false"
127-->src/main/AndroidManifest.xml:101:13-37
128            android:permission="android.permission.BIND_REMOTEVIEWS" >
128-->src/main/AndroidManifest.xml:100:13-69
129            <intent-filter>
129-->src/main/AndroidManifest.xml:102:13-104:29
130                <action android:name="android.appwidget.action.APPWIDGET_UPDATE" />
130-->src/main/AndroidManifest.xml:103:17-84
130-->src/main/AndroidManifest.xml:103:25-81
131            </intent-filter>
132
133            <meta-data
133-->src/main/AndroidManifest.xml:106:13-108:50
134                android:name="android.appwidget.provider"
134-->src/main/AndroidManifest.xml:107:17-58
135                android:resource="@xml/widget" />
135-->src/main/AndroidManifest.xml:108:17-47
136        </receiver>
137
138        <service
138-->src/main/AndroidManifest.xml:111:9-114:72
139            android:name="com.popular.android.mibanco.widget.ListWidgetService"
139-->src/main/AndroidManifest.xml:112:13-53
140            android:exported="false"
140-->src/main/AndroidManifest.xml:113:13-37
141            android:permission="android.permission.BIND_REMOTEVIEWS" />
141-->src/main/AndroidManifest.xml:114:13-69
142        <service
142-->src/main/AndroidManifest.xml:116:9-122:19
143            android:name="com.popular.android.mibanco.ws.MiBancoMessagingService"
143-->src/main/AndroidManifest.xml:116:18-60
144            android:exported="false"
144-->src/main/AndroidManifest.xml:117:13-37
145            android:stopWithTask="false" >
145-->src/main/AndroidManifest.xml:118:13-41
146            <intent-filter>
146-->src/main/AndroidManifest.xml:119:13-121:29
147                <action android:name="com.google.firebase.MESSAGING_EVENT" />
147-->src/main/AndroidManifest.xml:120:17-78
147-->src/main/AndroidManifest.xml:120:25-75
148            </intent-filter>
149        </service>
150
151        <uses-library
151-->src/main/AndroidManifest.xml:124:9-87
152            android:name="org.apache.http.legacy"
152-->src/main/AndroidManifest.xml:124:23-60
153            android:required="false" />
153-->src/main/AndroidManifest.xml:124:61-85
154
155        <activity
155-->src/main/AndroidManifest.xml:126:9-153:20
156            android:name="com.popular.android.mibanco.IntroScreen"
156-->src/main/AndroidManifest.xml:127:13-40
157            android:exported="true"
157-->src/main/AndroidManifest.xml:130:13-36
158            android:icon="@mipmap/ic_launcher"
158-->src/main/AndroidManifest.xml:128:13-47
159            android:label="@string/app_name"
159-->src/main/AndroidManifest.xml:129:13-45
160            android:screenOrientation="portrait" >
160-->src/main/AndroidManifest.xml:131:13-49
161            <intent-filter>
161-->src/main/AndroidManifest.xml:132:13-136:29
162                <action android:name="android.intent.action.MAIN" />
162-->src/main/AndroidManifest.xml:133:17-69
162-->src/main/AndroidManifest.xml:133:25-66
163
164                <category android:name="android.intent.category.LAUNCHER" />
164-->src/main/AndroidManifest.xml:135:17-77
164-->src/main/AndroidManifest.xml:135:27-74
165            </intent-filter>
166            <intent-filter>
166-->src/main/AndroidManifest.xml:137:13-141:29
167                <action android:name="com.popular.android.mibanco.a2a" />
167-->src/main/AndroidManifest.xml:138:17-74
167-->src/main/AndroidManifest.xml:138:25-71
168
169                <category android:name="android.intent.category.DEFAULT" />
169-->src/main/AndroidManifest.xml:140:17-76
169-->src/main/AndroidManifest.xml:140:27-73
170            </intent-filter>
171            <intent-filter android:label="@string/app_name" >
171-->src/main/AndroidManifest.xml:142:13-152:29
171-->src/main/AndroidManifest.xml:142:28-60
172                <action android:name="android.intent.action.VIEW" />
172-->src/main/AndroidManifest.xml:143:17-69
172-->src/main/AndroidManifest.xml:143:25-66
173
174                <data
175                    android:host="www.bancopopular.com"
175-->src/main/AndroidManifest.xml:146:21-56
176                    android:pathPrefix="/cibp-web/actions/login"
176-->src/main/AndroidManifest.xml:147:21-65
177                    android:scheme="https" />
177-->src/main/AndroidManifest.xml:148:21-43
178
179                <category android:name="android.intent.category.DEFAULT" />
179-->src/main/AndroidManifest.xml:140:17-76
179-->src/main/AndroidManifest.xml:140:27-73
180                <category android:name="android.intent.category.BROWSABLE" />
180-->src/main/AndroidManifest.xml:151:17-78
180-->src/main/AndroidManifest.xml:151:27-75
181            </intent-filter>
182        </activity>
183        <activity
183-->src/main/AndroidManifest.xml:155:9-159:15
184            android:name="com.popular.android.mibanco.PermissionInfoActivity"
184-->src/main/AndroidManifest.xml:156:13-51
185            android:screenOrientation="portrait"
185-->src/main/AndroidManifest.xml:157:13-49
186            android:theme="@style/Theme.AppCompat.Translucent" />
186-->src/main/AndroidManifest.xml:158:13-63
187        <activity
187-->src/main/AndroidManifest.xml:160:9-164:55
188            android:name="com.popular.android.mibanco.activity.EnterUsername"
188-->src/main/AndroidManifest.xml:161:13-51
189            android:label=""
189-->src/main/AndroidManifest.xml:162:13-29
190            android:screenOrientation="portrait"
190-->src/main/AndroidManifest.xml:163:13-49
191            android:windowSoftInputMode="adjustPan" />
191-->src/main/AndroidManifest.xml:164:13-52
192        <activity
192-->src/main/AndroidManifest.xml:165:9-168:52
193            android:name="com.popular.android.mibanco.activity.SelectStatement"
193-->src/main/AndroidManifest.xml:166:13-53
194            android:label="@string/select_statement"
194-->src/main/AndroidManifest.xml:167:13-53
195            android:screenOrientation="portrait" />
195-->src/main/AndroidManifest.xml:168:13-49
196        <activity
196-->src/main/AndroidManifest.xml:169:9-172:70
197            android:name="com.popular.android.mibanco.activity.WalletAuthenticationError"
197-->src/main/AndroidManifest.xml:170:13-63
198            android:screenOrientation="portrait"
198-->src/main/AndroidManifest.xml:171:13-49
199            android:windowSoftInputMode="adjustResize|stateHidden" />
199-->src/main/AndroidManifest.xml:172:13-67
200        <activity
200-->src/main/AndroidManifest.xml:173:9-176:70
201            android:name="com.popular.android.mibanco.activity.WalletAuthenticationSuccessful"
201-->src/main/AndroidManifest.xml:174:13-68
202            android:screenOrientation="portrait"
202-->src/main/AndroidManifest.xml:175:13-49
203            android:windowSoftInputMode="adjustResize|stateHidden" />
203-->src/main/AndroidManifest.xml:176:13-67
204        <activity
204-->src/main/AndroidManifest.xml:177:9-181:48
205            android:name="com.popular.android.mibanco.activity.CoverFlowActivity"
205-->src/main/AndroidManifest.xml:178:13-55
206            android:configChanges="orientation|keyboardHidden|screenSize"
206-->src/main/AndroidManifest.xml:179:13-74
207            android:hardwareAccelerated="false"
207-->src/main/AndroidManifest.xml:180:13-48
208            android:label="@string/app_name" />
208-->src/main/AndroidManifest.xml:181:13-45
209        <activity
209-->src/main/AndroidManifest.xml:182:9-184:48
210            android:name="com.popular.android.mibanco.activity.AlignPhoto"
210-->src/main/AndroidManifest.xml:183:13-48
211            android:label="@string/app_name" />
211-->src/main/AndroidManifest.xml:184:13-45
212        <activity
212-->src/main/AndroidManifest.xml:185:9-189:58
213            android:name="com.popular.android.mibanco.activity.Accounts"
213-->src/main/AndroidManifest.xml:186:13-46
214            android:configChanges="orientation|keyboardHidden|screenSize"
214-->src/main/AndroidManifest.xml:187:13-74
215            android:launchMode="singleTask"
215-->src/main/AndroidManifest.xml:188:13-44
216            android:logo="@drawable/logo_med_white_x2" />
216-->src/main/AndroidManifest.xml:189:13-55
217        <activity
217-->src/main/AndroidManifest.xml:190:9-194:52
218            android:name="com.popular.android.mibanco.activity.Payments"
218-->src/main/AndroidManifest.xml:191:13-46
219            android:launchMode="singleTask"
219-->src/main/AndroidManifest.xml:192:13-44
220            android:logo="@drawable/logo_med_white_x2"
220-->src/main/AndroidManifest.xml:193:13-55
221            android:screenOrientation="portrait" />
221-->src/main/AndroidManifest.xml:194:13-49
222        <activity
222-->src/main/AndroidManifest.xml:195:9-198:52
223            android:name="com.popular.android.mibanco.activity.AccountDetails"
223-->src/main/AndroidManifest.xml:196:13-52
224            android:label="@string/details"
224-->src/main/AndroidManifest.xml:197:13-44
225            android:screenOrientation="portrait" />
225-->src/main/AndroidManifest.xml:198:13-49
226        <activity
226-->src/main/AndroidManifest.xml:199:9-203:58
227            android:name="com.popular.android.mibanco.activity.EnterPassword"
227-->src/main/AndroidManifest.xml:200:13-51
228            android:label="@string/enter_password"
228-->src/main/AndroidManifest.xml:201:13-51
229            android:screenOrientation="portrait"
229-->src/main/AndroidManifest.xml:202:13-49
230            android:windowSoftInputMode="stateVisible" />
230-->src/main/AndroidManifest.xml:203:13-55
231        <activity
231-->src/main/AndroidManifest.xml:204:9-208:58
232            android:name="com.popular.android.mibanco.activity.SecurityQuestion"
232-->src/main/AndroidManifest.xml:205:13-54
233            android:label="@string/title_security_question"
233-->src/main/AndroidManifest.xml:206:13-60
234            android:screenOrientation="portrait"
234-->src/main/AndroidManifest.xml:207:13-49
235            android:windowSoftInputMode="stateVisible" />
235-->src/main/AndroidManifest.xml:208:13-55
236        <activity
236-->src/main/AndroidManifest.xml:209:9-212:52
237            android:name="com.popular.android.mibanco.activity.Contact"
237-->src/main/AndroidManifest.xml:210:13-45
238            android:label="@string/contactus"
238-->src/main/AndroidManifest.xml:211:13-46
239            android:screenOrientation="portrait" />
239-->src/main/AndroidManifest.xml:212:13-49
240        <activity
240-->src/main/AndroidManifest.xml:213:9-216:52
241            android:name="com.popular.android.mibanco.activity.About"
241-->src/main/AndroidManifest.xml:214:13-43
242            android:label="@string/about"
242-->src/main/AndroidManifest.xml:215:13-42
243            android:screenOrientation="portrait" />
243-->src/main/AndroidManifest.xml:216:13-49
244        <activity
244-->src/main/AndroidManifest.xml:217:9-220:52
245            android:name="com.popular.android.mibanco.activity.Faq"
245-->src/main/AndroidManifest.xml:218:13-41
246            android:label="@string/faq"
246-->src/main/AndroidManifest.xml:219:13-40
247            android:screenOrientation="portrait" />
247-->src/main/AndroidManifest.xml:220:13-49
248        <activity
248-->src/main/AndroidManifest.xml:221:9-224:52
249            android:name="com.popular.android.mibanco.activity.Terms"
249-->src/main/AndroidManifest.xml:222:13-43
250            android:label="@string/terms"
250-->src/main/AndroidManifest.xml:223:13-42
251            android:screenOrientation="portrait" />
251-->src/main/AndroidManifest.xml:224:13-49
252        <activity
252-->src/main/AndroidManifest.xml:225:9-228:52
253            android:name="com.popular.android.mibanco.activity.ManageUsers"
253-->src/main/AndroidManifest.xml:226:13-49
254            android:label="@string/manage_users"
254-->src/main/AndroidManifest.xml:227:13-49
255            android:screenOrientation="portrait" />
255-->src/main/AndroidManifest.xml:228:13-49
256        <activity
256-->src/main/AndroidManifest.xml:229:9-233:73
257            android:name="com.popular.android.mibanco.activity.EnterAmount"
257-->src/main/AndroidManifest.xml:230:13-49
258            android:label="@string/enter_amount"
258-->src/main/AndroidManifest.xml:231:13-49
259            android:screenOrientation="portrait"
259-->src/main/AndroidManifest.xml:232:13-49
260            android:windowSoftInputMode="stateAlwaysHidden|adjustPan" />
260-->src/main/AndroidManifest.xml:233:13-70
261        <activity
261-->src/main/AndroidManifest.xml:234:9-237:52
262            android:name="com.popular.android.mibanco.activity.PaymentReceipt"
262-->src/main/AndroidManifest.xml:235:13-52
263            android:label="@string/payment_processed"
263-->src/main/AndroidManifest.xml:236:13-54
264            android:screenOrientation="portrait" />
264-->src/main/AndroidManifest.xml:237:13-49
265        <activity
265-->src/main/AndroidManifest.xml:238:9-241:52
266            android:name="com.popular.android.mibanco.activity.EBill"
266-->src/main/AndroidManifest.xml:239:13-43
267            android:label="@string/ebills"
267-->src/main/AndroidManifest.xml:240:13-43
268            android:screenOrientation="portrait" />
268-->src/main/AndroidManifest.xml:241:13-49
269        <activity
269-->src/main/AndroidManifest.xml:242:9-244:54
270            android:name="com.popular.android.mibanco.activity.CalendarView"
270-->src/main/AndroidManifest.xml:243:13-50
271            android:theme="@style/DialogHoloLight" />
271-->src/main/AndroidManifest.xml:244:13-51
272        <!-- <activity -->
273        <!-- android:name=".activity.LocatorTabs" -->
274        <!-- android:label="@string/locator" -->
275        <!-- android:screenOrientation="portrait" -->
276        <!-- android:theme="@style/BankThemeActionBar" /> -->
277        <!-- <activity -->
278        <!-- android:name=".activity.LocatorFacilityList" -->
279        <!-- android:label="@string/locator" -->
280        <!-- android:screenOrientation="portrait" /> -->
281        <!-- <activity -->
282        <!-- android:name=".activity.LocatorMap" -->
283        <!-- android:label="@string/locator" -->
284        <!-- android:screenOrientation="portrait" /> -->
285        <!-- <activity -->
286        <!-- android:name=".activity.LocatorFacilityDetails" -->
287        <!-- android:label="@string/locator" -->
288        <!-- android:screenOrientation="portrait" /> -->
289        <!-- <activity -->
290        <!-- android:name=".activity.LocatorFacilityGroup" -->
291        <!-- android:label="@string/locator" -->
292        <!-- android:screenOrientation="portrait" /> -->
293        <activity
293-->src/main/AndroidManifest.xml:266:9-269:52
294            android:name="com.popular.android.mibanco.activity.LanguageSettings"
294-->src/main/AndroidManifest.xml:267:13-54
295            android:label="@string/language"
295-->src/main/AndroidManifest.xml:268:13-45
296            android:screenOrientation="portrait" />
296-->src/main/AndroidManifest.xml:269:13-49
297        <activity
297-->src/main/AndroidManifest.xml:270:9-273:54
298            android:name="com.popular.android.mibanco.activity.ErrorView"
298-->src/main/AndroidManifest.xml:271:13-47
299            android:label="@string/app_name"
299-->src/main/AndroidManifest.xml:272:13-45
300            android:theme="@style/DialogHoloLight" />
300-->src/main/AndroidManifest.xml:273:13-51
301        <activity
301-->src/main/AndroidManifest.xml:274:9-277:52
302            android:name="com.popular.android.mibanco.activity.SettingsList"
302-->src/main/AndroidManifest.xml:275:13-50
303            android:label="@string/title_settings"
303-->src/main/AndroidManifest.xml:276:13-51
304            android:screenOrientation="portrait" />
304-->src/main/AndroidManifest.xml:277:13-49
305        <activity
305-->src/main/AndroidManifest.xml:278:9-281:52
306            android:name="com.popular.android.mibanco.activity.FraudPrevention"
306-->src/main/AndroidManifest.xml:279:13-53
307            android:label="@string/fraud_prevention"
307-->src/main/AndroidManifest.xml:280:13-53
308            android:screenOrientation="portrait" />
308-->src/main/AndroidManifest.xml:281:13-49
309        <activity
309-->src/main/AndroidManifest.xml:282:9-286:52
310            android:name="com.popular.android.mibanco.activity.Receipts"
310-->src/main/AndroidManifest.xml:283:13-46
311            android:label=""
311-->src/main/AndroidManifest.xml:284:13-29
312            android:launchMode="singleTask"
312-->src/main/AndroidManifest.xml:285:13-44
313            android:screenOrientation="portrait" />
313-->src/main/AndroidManifest.xml:286:13-49
314        <activity
314-->src/main/AndroidManifest.xml:287:9-291:52
315            android:name="com.popular.android.mibanco.activity.RDCHistory"
315-->src/main/AndroidManifest.xml:288:13-48
316            android:label=""
316-->src/main/AndroidManifest.xml:289:13-29
317            android:launchMode="singleTask"
317-->src/main/AndroidManifest.xml:290:13-44
318            android:screenOrientation="portrait" />
318-->src/main/AndroidManifest.xml:291:13-49
319        <activity
319-->src/main/AndroidManifest.xml:292:9-296:52
320            android:name="com.popular.android.mibanco.activity.RDCHistoryImages"
320-->src/main/AndroidManifest.xml:293:13-54
321            android:label=""
321-->src/main/AndroidManifest.xml:294:13-29
322            android:launchMode="singleTask"
322-->src/main/AndroidManifest.xml:295:13-44
323            android:screenOrientation="portrait" />
323-->src/main/AndroidManifest.xml:296:13-49
324        <activity
324-->src/main/AndroidManifest.xml:297:9-301:53
325            android:name="com.popular.android.mibanco.activity.RDCHistoryImageZoom"
325-->src/main/AndroidManifest.xml:298:13-57
326            android:label=""
326-->src/main/AndroidManifest.xml:299:13-29
327            android:launchMode="singleTask"
327-->src/main/AndroidManifest.xml:300:13-44
328            android:screenOrientation="landscape" />